[debug] [2026-04-02T09:25:34.166Z] [Firebase Plugin] Activating Firebase extension.
[debug] [2026-04-02T09:25:41.466Z] [Firebase Plugin] requireAuthWrapper
[debug] [2026-04-02T09:25:41.470Z] > command requires scopes: ["email","openid","https://www.googleapis.com/auth/cloudplatformprojects.readonly","https://www.googleapis.com/auth/firebase","https://www.googleapis.com/auth/cloud-platform"]
[debug] [2026-04-02T09:25:41.472Z] > authorizing via signed-in user (stefan.a.hartmann@gmail.com)
[debug] [2026-04-02T09:25:41.483Z] Checked if tokens are valid: false, expires at: 1775080337984
[debug] [2026-04-02T09:25:41.484Z] Checked if tokens are valid: false, expires at: 1775080337984
[debug] [2026-04-02T09:25:41.485Z] > refreshing access token with scopes: []
[debug] [2026-04-02T09:25:41.488Z] >>> [apiv2][query] POST https://www.googleapis.com/oauth2/v3/token [none]
[debug] [2026-04-02T09:25:41.489Z] >>> [apiv2][body] POST https://www.googleapis.com/oauth2/v3/token [omitted]
[debug] [2026-04-02T09:25:41.512Z] [Firebase Plugin] VSCode notification server listening on port 40001
[info] [Firebase Plugin] Starting Data Connect toolkit (version 3.3.1) on port 50001
[debug] [2026-04-02T09:25:42.606Z] 'fdc build' failed with error: Unable to build your Data Connect schema and connectors (exit code 1): E0402 11:25:42.538687    2216 cmd.go:43] Error loading data connect config: could not find dataconnect.yaml in `c:\Users\StefanHartmann\git\Reading Tracker\reading-tracker\dataconnect`
 {"metadata":{"emulator":{"name":"dataconnect"},"message":"'fdc build' failed with error: Unable to build your Data Connect schema and connectors (exit code 1): E0402 11:25:42.538687    2216 cmd.go:43] Error loading data connect config: could not find dataconnect.yaml in `c:\\Users\\StefanHartmann\\git\\Reading Tracker\\reading-tracker\\dataconnect`\n"}}
[debug] [2026-04-02T09:25:42.608Z] Ignoring unsupported arg: auto_download {"metadata":{"emulator":{"name":"dataconnect"},"message":"Ignoring unsupported arg: auto_download"}}
[debug] [2026-04-02T09:25:42.608Z] Ignoring unsupported arg: port {"metadata":{"emulator":{"name":"dataconnect"},"message":"Ignoring unsupported arg: port"}}
[debug] [2026-04-02T09:25:42.609Z] Starting Data Connect Emulator with command {"binary":"C:\\Users\\StefanHartmann\\.cache\\firebase\\emulators\\dataconnect-emulator-3.3.1.exe","args":["--logtostderr","-v=2","dev","--listen=localhost:50001","--config_dir=c:\\Users\\StefanHartmann\\git\\Reading Tracker\\reading-tracker\\dataconnect","--enable_output_schema_extensions=true","--enable_output_generated_sdk=true"],"optionalArgs":["listen","config_dir","enable_output_schema_extensions","enable_output_generated_sdk"],"joinArgs":true,"shell":false,"port":9399} {"metadata":{"emulator":{"name":"dataconnect"},"message":"Starting Data Connect Emulator with command {\"binary\":\"C:\\\\Users\\\\StefanHartmann\\\\.cache\\\\firebase\\\\emulators\\\\dataconnect-emulator-3.3.1.exe\",\"args\":[\"--logtostderr\",\"-v=2\",\"dev\",\"--listen=localhost:50001\",\"--config_dir=c:\\\\Users\\\\StefanHartmann\\\\git\\\\Reading Tracker\\\\reading-tracker\\\\dataconnect\",\"--enable_output_schema_extensions=true\",\"--enable_output_generated_sdk=true\"],\"optionalArgs\":[\"listen\",\"config_dir\",\"enable_output_schema_extensions\",\"enable_output_generated_sdk\"],\"joinArgs\":true,\"shell\":false,\"port\":9399}"}}
[info] i  dataconnect: Data Connect Emulator logging to dataconnect-debug.log {"metadata":{"emulator":{"name":"dataconnect"},"message":"Data Connect Emulator logging to \u001b[1mdataconnect-debug.log\u001b[22m"}}
[debug] [2026-04-02T09:25:42.852Z] E0402 11:25:42.698708    3660 dev.go:83] Failed to load initial config from "c:\\Users\\StefanHartmann\\git\\Reading Tracker\\reading-tracker\\dataconnect": could not find dataconnect.yaml in `c:\Users\StefanHartmann\git\Reading Tracker\reading-tracker\dataconnect`
E0402 11:25:42.804758    3660 watch.go:116] watchAllDir unable to walk dir `c:\Users\StefanHartmann\git\Reading Tracker\reading-tracker\dataconnect`: GetFileAttributesEx c:\Users\StefanHartmann\git\Reading Tracker\reading-tracker\dataconnect: Das System kann die angegebene Datei nicht finden.
I0402 11:25:42.834922    3660 dev.go:104] Listening on address (HTTP + gRPC): 127.0.0.1:50001
 {"metadata":{"emulator":{"name":"dataconnect"},"message":"E0402 11:25:42.698708    3660 dev.go:83] Failed to load initial config from \"c:\\\\Users\\\\StefanHartmann\\\\git\\\\Reading Tracker\\\\reading-tracker\\\\dataconnect\": could not find dataconnect.yaml in `c:\\Users\\StefanHartmann\\git\\Reading Tracker\\reading-tracker\\dataconnect`\nE0402 11:25:42.804758    3660 watch.go:116] watchAllDir unable to walk dir `c:\\Users\\StefanHartmann\\git\\Reading Tracker\\reading-tracker\\dataconnect`: GetFileAttributesEx c:\\Users\\StefanHartmann\\git\\Reading Tracker\\reading-tracker\\dataconnect: Das System kann die angegebene Datei nicht finden.\nI0402 11:25:42.834922    3660 dev.go:104] Listening on address (HTTP + gRPC): 127.0.0.1:50001\n"}}
[error] [Firebase Plugin] error:  {}
[debug] [2026-04-02T09:25:43.368Z] <<< [apiv2][status] POST https://www.googleapis.com/oauth2/v3/token 200
[debug] [2026-04-02T09:25:43.368Z] <<< [apiv2][body] POST https://www.googleapis.com/oauth2/v3/token [omitted]
[debug] [2026-04-02T09:25:43.625Z] [Firebase Plugin] User found:  stefan.a.hartmann@gmail.com
[info] [Firebase Plugin] (Core:Project) New user detected, fetching projects
[debug] [2026-04-02T09:25:43.627Z] Checked if tokens are valid: true, expires at: 1775125542369
[debug] [2026-04-02T09:25:43.629Z] >>> [apiv2][query] GET https://firebase.googleapis.com/v1beta1/projects pageSize=1000
[debug] [2026-04-02T09:25:44.255Z] <<< [apiv2][status] GET https://firebase.googleapis.com/v1beta1/projects 200
[debug] [2026-04-02T09:25:44.255Z] <<< [apiv2][body] GET https://firebase.googleapis.com/v1beta1/projects [omitted]
[debug] [2026-04-02T09:25:52.808Z] E0402 11:25:52.807588    3660 watch.go:40] Failed to load config from "c:\\Users\\StefanHartmann\\git\\Reading Tracker\\reading-tracker\\dataconnect": could not find dataconnect.yaml in `c:\Users\StefanHartmann\git\Reading Tracker\reading-tracker\dataconnect`
 {"metadata":{"emulator":{"name":"dataconnect"},"message":"E0402 11:25:52.807588    3660 watch.go:40] Failed to load config from \"c:\\\\Users\\\\StefanHartmann\\\\git\\\\Reading Tracker\\\\reading-tracker\\\\dataconnect\": could not find dataconnect.yaml in `c:\\Users\\StefanHartmann\\git\\Reading Tracker\\reading-tracker\\dataconnect`\n"}}
[debug] [2026-04-02T09:26:02.807Z] E0402 11:26:02.807066    3660 watch.go:40] Failed to load config from "c:\\Users\\StefanHartmann\\git\\Reading Tracker\\reading-tracker\\dataconnect": could not find dataconnect.yaml in `c:\Users\StefanHartmann\git\Reading Tracker\reading-tracker\dataconnect`
 {"metadata":{"emulator":{"name":"dataconnect"},"message":"E0402 11:26:02.807066    3660 watch.go:40] Failed to load config from \"c:\\\\Users\\\\StefanHartmann\\\\git\\\\Reading Tracker\\\\reading-tracker\\\\dataconnect\": could not find dataconnect.yaml in `c:\\Users\\StefanHartmann\\git\\Reading Tracker\\reading-tracker\\dataconnect`\n"}}
[debug] [2026-04-02T09:26:12.807Z] E0402 11:26:12.807460    3660 watch.go:40] Failed to load config from "c:\\Users\\StefanHartmann\\git\\Reading Tracker\\reading-tracker\\dataconnect": could not find dataconnect.yaml in `c:\Users\StefanHartmann\git\Reading Tracker\reading-tracker\dataconnect`
 {"metadata":{"emulator":{"name":"dataconnect"},"message":"E0402 11:26:12.807460    3660 watch.go:40] Failed to load config from \"c:\\\\Users\\\\StefanHartmann\\\\git\\\\Reading Tracker\\\\reading-tracker\\\\dataconnect\": could not find dataconnect.yaml in `c:\\Users\\StefanHartmann\\git\\Reading Tracker\\reading-tracker\\dataconnect`\n"}}
[debug] [2026-04-02T09:26:22.807Z] E0402 11:26:22.807279    3660 watch.go:40] Failed to load config from "c:\\Users\\StefanHartmann\\git\\Reading Tracker\\reading-tracker\\dataconnect": could not find dataconnect.yaml in `c:\Users\StefanHartmann\git\Reading Tracker\reading-tracker\dataconnect`
 {"metadata":{"emulator":{"name":"dataconnect"},"message":"E0402 11:26:22.807279    3660 watch.go:40] Failed to load config from \"c:\\\\Users\\\\StefanHartmann\\\\git\\\\Reading Tracker\\\\reading-tracker\\\\dataconnect\": could not find dataconnect.yaml in `c:\\Users\\StefanHartmann\\git\\Reading Tracker\\reading-tracker\\dataconnect`\n"}}
[debug] [2026-04-02T09:26:32.807Z] E0402 11:26:32.807312    3660 watch.go:40] Failed to load config from "c:\\Users\\StefanHartmann\\git\\Reading Tracker\\reading-tracker\\dataconnect": could not find dataconnect.yaml in `c:\Users\StefanHartmann\git\Reading Tracker\reading-tracker\dataconnect`
 {"metadata":{"emulator":{"name":"dataconnect"},"message":"E0402 11:26:32.807312    3660 watch.go:40] Failed to load config from \"c:\\\\Users\\\\StefanHartmann\\\\git\\\\Reading Tracker\\\\reading-tracker\\\\dataconnect\": could not find dataconnect.yaml in `c:\\Users\\StefanHartmann\\git\\Reading Tracker\\reading-tracker\\dataconnect`\n"}}
[debug] [2026-04-02T09:26:42.807Z] E0402 11:26:42.807532    3660 watch.go:116] watchAllDir unable to walk dir `c:\Users\StefanHartmann\git\Reading Tracker\reading-tracker\dataconnect`: GetFileAttributesEx c:\Users\StefanHartmann\git\Reading Tracker\reading-tracker\dataconnect: Das System kann die angegebene Datei nicht finden.
 {"metadata":{"emulator":{"name":"dataconnect"},"message":"E0402 11:26:42.807532    3660 watch.go:116] watchAllDir unable to walk dir `c:\\Users\\StefanHartmann\\git\\Reading Tracker\\reading-tracker\\dataconnect`: GetFileAttributesEx c:\\Users\\StefanHartmann\\git\\Reading Tracker\\reading-tracker\\dataconnect: Das System kann die angegebene Datei nicht finden.\n"}}
[debug] [2026-04-02T09:26:42.808Z] E0402 11:26:42.807532    3660 watch.go:40] Failed to load config from "c:\\Users\\StefanHartmann\\git\\Reading Tracker\\reading-tracker\\dataconnect": could not find dataconnect.yaml in `c:\Users\StefanHartmann\git\Reading Tracker\reading-tracker\dataconnect`
 {"metadata":{"emulator":{"name":"dataconnect"},"message":"E0402 11:26:42.807532    3660 watch.go:40] Failed to load config from \"c:\\\\Users\\\\StefanHartmann\\\\git\\\\Reading Tracker\\\\reading-tracker\\\\dataconnect\": could not find dataconnect.yaml in `c:\\Users\\StefanHartmann\\git\\Reading Tracker\\reading-tracker\\dataconnect`\n"}}
[debug] [2026-04-02T09:26:52.807Z] E0402 11:26:52.807487    3660 watch.go:40] Failed to load config from "c:\\Users\\StefanHartmann\\git\\Reading Tracker\\reading-tracker\\dataconnect": could not find dataconnect.yaml in `c:\Users\StefanHartmann\git\Reading Tracker\reading-tracker\dataconnect`
 {"metadata":{"emulator":{"name":"dataconnect"},"message":"E0402 11:26:52.807487    3660 watch.go:40] Failed to load config from \"c:\\\\Users\\\\StefanHartmann\\\\git\\\\Reading Tracker\\\\reading-tracker\\\\dataconnect\": could not find dataconnect.yaml in `c:\\Users\\StefanHartmann\\git\\Reading Tracker\\reading-tracker\\dataconnect`\n"}}
[debug] [2026-04-02T09:27:02.807Z] E0402 11:27:02.807492    3660 watch.go:40] Failed to load config from "c:\\Users\\StefanHartmann\\git\\Reading Tracker\\reading-tracker\\dataconnect": could not find dataconnect.yaml in `c:\Users\StefanHartmann\git\Reading Tracker\reading-tracker\dataconnect`
 {"metadata":{"emulator":{"name":"dataconnect"},"message":"E0402 11:27:02.807492    3660 watch.go:40] Failed to load config from \"c:\\\\Users\\\\StefanHartmann\\\\git\\\\Reading Tracker\\\\reading-tracker\\\\dataconnect\": could not find dataconnect.yaml in `c:\\Users\\StefanHartmann\\git\\Reading Tracker\\reading-tracker\\dataconnect`\n"}}
[debug] [2026-04-02T09:27:12.807Z] E0402 11:27:12.807064    3660 watch.go:40] Failed to load config from "c:\\Users\\StefanHartmann\\git\\Reading Tracker\\reading-tracker\\dataconnect": could not find dataconnect.yaml in `c:\Users\StefanHartmann\git\Reading Tracker\reading-tracker\dataconnect`
 {"metadata":{"emulator":{"name":"dataconnect"},"message":"E0402 11:27:12.807064    3660 watch.go:40] Failed to load config from \"c:\\\\Users\\\\StefanHartmann\\\\git\\\\Reading Tracker\\\\reading-tracker\\\\dataconnect\": could not find dataconnect.yaml in `c:\\Users\\StefanHartmann\\git\\Reading Tracker\\reading-tracker\\dataconnect`\n"}}
[debug] [2026-04-02T09:27:22.807Z] E0402 11:27:22.807370    3660 watch.go:40] Failed to load config from "c:\\Users\\StefanHartmann\\git\\Reading Tracker\\reading-tracker\\dataconnect": could not find dataconnect.yaml in `c:\Users\StefanHartmann\git\Reading Tracker\reading-tracker\dataconnect`
 {"metadata":{"emulator":{"name":"dataconnect"},"message":"E0402 11:27:22.807370    3660 watch.go:40] Failed to load config from \"c:\\\\Users\\\\StefanHartmann\\\\git\\\\Reading Tracker\\\\reading-tracker\\\\dataconnect\": could not find dataconnect.yaml in `c:\\Users\\StefanHartmann\\git\\Reading Tracker\\reading-tracker\\dataconnect`\n"}}
[debug] [2026-04-02T09:27:32.807Z] E0402 11:27:32.807395    3660 watch.go:40] Failed to load config from "c:\\Users\\StefanHartmann\\git\\Reading Tracker\\reading-tracker\\dataconnect": could not find dataconnect.yaml in `c:\Users\StefanHartmann\git\Reading Tracker\reading-tracker\dataconnect`
 {"metadata":{"emulator":{"name":"dataconnect"},"message":"E0402 11:27:32.807395    3660 watch.go:40] Failed to load config from \"c:\\\\Users\\\\StefanHartmann\\\\git\\\\Reading Tracker\\\\reading-tracker\\\\dataconnect\": could not find dataconnect.yaml in `c:\\Users\\StefanHartmann\\git\\Reading Tracker\\reading-tracker\\dataconnect`\n"}}
[debug] [2026-04-02T09:27:42.807Z] E0402 11:27:42.807151    3660 watch.go:116] watchAllDir unable to walk dir `c:\Users\StefanHartmann\git\Reading Tracker\reading-tracker\dataconnect`: GetFileAttributesEx c:\Users\StefanHartmann\git\Reading Tracker\reading-tracker\dataconnect: Das System kann die angegebene Datei nicht finden.
 {"metadata":{"emulator":{"name":"dataconnect"},"message":"E0402 11:27:42.807151    3660 watch.go:116] watchAllDir unable to walk dir `c:\\Users\\StefanHartmann\\git\\Reading Tracker\\reading-tracker\\dataconnect`: GetFileAttributesEx c:\\Users\\StefanHartmann\\git\\Reading Tracker\\reading-tracker\\dataconnect: Das System kann die angegebene Datei nicht finden.\n"}}
[debug] [2026-04-02T09:27:42.809Z] E0402 11:27:42.809318    3660 watch.go:40] Failed to load config from "c:\\Users\\StefanHartmann\\git\\Reading Tracker\\reading-tracker\\dataconnect": could not find dataconnect.yaml in `c:\Users\StefanHartmann\git\Reading Tracker\reading-tracker\dataconnect`
 {"metadata":{"emulator":{"name":"dataconnect"},"message":"E0402 11:27:42.809318    3660 watch.go:40] Failed to load config from \"c:\\\\Users\\\\StefanHartmann\\\\git\\\\Reading Tracker\\\\reading-tracker\\\\dataconnect\": could not find dataconnect.yaml in `c:\\Users\\StefanHartmann\\git\\Reading Tracker\\reading-tracker\\dataconnect`\n"}}
[debug] [2026-04-02T09:27:52.807Z] E0402 11:27:52.807229    3660 watch.go:40] Failed to load config from "c:\\Users\\StefanHartmann\\git\\Reading Tracker\\reading-tracker\\dataconnect": could not find dataconnect.yaml in `c:\Users\StefanHartmann\git\Reading Tracker\reading-tracker\dataconnect`
 {"metadata":{"emulator":{"name":"dataconnect"},"message":"E0402 11:27:52.807229    3660 watch.go:40] Failed to load config from \"c:\\\\Users\\\\StefanHartmann\\\\git\\\\Reading Tracker\\\\reading-tracker\\\\dataconnect\": could not find dataconnect.yaml in `c:\\Users\\StefanHartmann\\git\\Reading Tracker\\reading-tracker\\dataconnect`\n"}}
[debug] [2026-04-02T09:28:02.806Z] E0402 11:28:02.807047    3660 watch.go:40] Failed to load config from "c:\\Users\\StefanHartmann\\git\\Reading Tracker\\reading-tracker\\dataconnect": could not find dataconnect.yaml in `c:\Users\StefanHartmann\git\Reading Tracker\reading-tracker\dataconnect`
 {"metadata":{"emulator":{"name":"dataconnect"},"message":"E0402 11:28:02.807047    3660 watch.go:40] Failed to load config from \"c:\\\\Users\\\\StefanHartmann\\\\git\\\\Reading Tracker\\\\reading-tracker\\\\dataconnect\": could not find dataconnect.yaml in `c:\\Users\\StefanHartmann\\git\\Reading Tracker\\reading-tracker\\dataconnect`\n"}}
[debug] [2026-04-02T09:28:12.807Z] E0402 11:28:12.807117    3660 watch.go:40] Failed to load config from "c:\\Users\\StefanHartmann\\git\\Reading Tracker\\reading-tracker\\dataconnect": could not find dataconnect.yaml in `c:\Users\StefanHartmann\git\Reading Tracker\reading-tracker\dataconnect`
 {"metadata":{"emulator":{"name":"dataconnect"},"message":"E0402 11:28:12.807117    3660 watch.go:40] Failed to load config from \"c:\\\\Users\\\\StefanHartmann\\\\git\\\\Reading Tracker\\\\reading-tracker\\\\dataconnect\": could not find dataconnect.yaml in `c:\\Users\\StefanHartmann\\git\\Reading Tracker\\reading-tracker\\dataconnect`\n"}}
